platforms/android/build/outputs/logs/manifest-merger-debug-report.txt
-- Merging decision tree log ---
manifest
ADDED from platforms\android\AndroidManifest.xml:2:1-20:12
	android:hardwareAccelerated
		ADDED from platforms\android\AndroidManifest.xml:2:11-45
	xmlns:android
		ADDED from platforms\android\AndroidManifest.xml:2:133-191
	package
		ADDED from platforms\android\AndroidManifest.xml:2:104-132
		INJECTED from platforms\android\AndroidManifest.xml
		INJECTED from platforms\android\AndroidManifest.xml
	android:versionName
		ADDED from platforms\android\AndroidManifest.xml:2:74-103
		INJECTED from platforms\android\AndroidManifest.xml
		INJECTED from platforms\android\AndroidManifest.xml
	android:versionCode
		ADDED from platforms\android\AndroidManifest.xml:2:46-73
		INJECTED from platforms\android\AndroidManifest.xml
		INJECTED from platforms\android\AndroidManifest.xml
supports-screens
ADDED from platforms\android\AndroidManifest.xml:3:5-191
	android:resizeable
		ADDED from platforms\android\AndroidManifest.xml:3:106-131
	android:largeScreens
		ADDED from platforms\android\AndroidManifest.xml:3:49-76
	android:anyDensity
		ADDED from platforms\android\AndroidManifest.xml:3:23-48
	android:normalScreens
		ADDED from platforms\android\AndroidManifest.xml:3:77-105
	android:xlargeScreens
		ADDED from platforms\android\AndroidManifest.xml:3:160-188
	android:smallScreens
		ADDED from platforms\android\AndroidManifest.xml:3:132-159
uses-permission#android.permission.INTERNET
ADDED from platforms\android\AndroidManifest.xml:4:5-67
	android:name
		ADDED from platforms\android\AndroidManifest.xml:4:22-64
application
ADDED from platforms\android\AndroidManifest.xml:5:5-12:19
MERGED from [com.android.support:support-v4:24.0.0-alpha2] AndroidManifest.xml:22:5-20
	android:supportsRtl
		ADDED from platforms\android\AndroidManifest.xml:5:116-142
	android:label
		ADDED from platforms\android\AndroidManifest.xml:5:83-115
	android:icon
		ADDED from platforms\android\AndroidManifest.xml:5:53-82
	android:hardwareAccelerated
		ADDED from platforms\android\AndroidManifest.xml:5:18-52
activity#com.obk.svenometer.MainActivity
ADDED from platforms\android\AndroidManifest.xml:6:9-11:20
	android:windowSoftInputMode
		ADDED from platforms\android\AndroidManifest.xml:6:294-336
	android:screenOrientation
		ADDED from platforms\android\AndroidManifest.xml:6:194-230
	android:label
		ADDED from platforms\android\AndroidManifest.xml:6:97-134
	android:configChanges
		ADDED from platforms\android\AndroidManifest.xml:6:19-96
	android:theme
		ADDED from platforms\android\AndroidManifest.xml:6:231-293
	android:name
		ADDED from platforms\android\AndroidManifest.xml:6:166-193
	android:launchMode
		ADDED from platforms\android\AndroidManifest.xml:6:135-165
intent-filter#android.intent.action.MAIN+android.intent.category.LAUNCHER
ADDED from platforms\android\AndroidManifest.xml:7:13-10:29
	android:label
		ADDED from platforms\android\AndroidManifest.xml:7:28-65
action#android.intent.action.MAIN
ADDED from platforms\android\AndroidManifest.xml:8:17-69
	android:name
		ADDED from platforms\android\AndroidManifest.xml:8:25-66
category#android.intent.category.LAUNCHER
ADDED from platforms\android\AndroidManifest.xml:9:17-77
	android:name
		ADDED from platforms\android\AndroidManifest.xml:9:27-74
uses-sdk
ADDED from platforms\android\AndroidManifest.xml:13:5-74
MERGED from [org.xwalk:xwalk_core_library:18.48.477.13] AndroidManifest.xml:6:5-8:41
MERGED from [com.android.support:support-v4:24.0.0-alpha2] AndroidManifest.xml:20:5-43
MERGED from [android:CordovaLib:unspecified:debug] AndroidManifest.xml:25:5-44
	android:targetSdkVersion
		ADDED from platforms\android\AndroidManifest.xml:13:42-71
	android:minSdkVersion
		ADDED from platforms\android\AndroidManifest.xml:13:15-41
		INJECTED from platforms\android\AndroidManifest.xml
		INJECTED from platforms\android\AndroidManifest.xml
uses-permission#android.permission.ACCESS_COARSE_LOCATION
ADDED from platforms\android\AndroidManifest.xml:14:5-81
	android:name
		ADDED from platforms\android\AndroidManifest.xml:14:22-78
uses-permission#android.permission.ACCESS_FINE_LOCATION
ADDED from platforms\android\AndroidManifest.xml:15:5-79
	android:name
		ADDED from platforms\android\AndroidManifest.xml:15:22-76
uses-permission#android.permission.GET_ACCOUNTS
ADDED from platforms\android\AndroidManifest.xml:16:5-71
	android:name
		ADDED from platforms\android\AndroidManifest.xml:16:22-68
uses-permission#android.permission.WRITE_EXTERNAL_STORAGE
ADDED from platforms\android\AndroidManifest.xml:17:5-81
	android:name
		ADDED from platforms\android\AndroidManifest.xml:17:22-78
uses-permission#android.permission.ACCESS_NETWORK_STATE
ADDED from platforms\android\AndroidManifest.xml:18:5-79
	android:name
		ADDED from platforms\android\AndroidManifest.xml:18:22-76
uses-permission#android.permission.ACCESS_WIFI_STATE
ADDED from platforms\android\AndroidManifest.xml:19:5-76
	android:name
		ADDED from platforms\android\AndroidManifest.xml:19:22-73